<?xml version="1.0" encoding="UTF-8"?>
<!-- Generated by org.testng.reporters.JUnitReportReporter -->
<testsuite skipped="0" hostname="DESKTOP-74O6H1L" name="com.JuneBatchProject.Test.Test001" tests="10" failures="0" timestamp="2021-12-17T01:10:55 IST" time="0.054" errors="0">
  <testcase name="Verify_001" time="0.007" classname="com.JuneBatchProject.Test.Test001"/>
  <system-out/>
  <testcase name="Verify_005" time="0.004" classname="com.JuneBatchProject.Test.Test001"/>
  <system-out/>
  <testcase name="Verify_004" time="0.003" classname="com.JuneBatchProject.Test.Test001"/>
  <system-out/>
  <testcase name="Verify_003" time="0.003" classname="com.JuneBatchProject.Test.Test001"/>
  <system-out/>
  <testcase name="Verify_002" time="0.003" classname="com.JuneBatchProject.Test.Test001"/>
  <system-out/>
  <testcase name="Verify_003" time="0.003" classname="com.JuneBatchProject.Test.Test001"/>
  <system-out/>
  <testcase name="Verify_005" time="0.009" classname="com.JuneBatchProject.Test.Test001"/>
  <system-out/>
  <testcase name="Verify_002" time="0.004" classname="com.JuneBatchProject.Test.Test001"/>
  <system-out/>
  <testcase name="Verify_001" time="0.012" classname="com.JuneBatchProject.Test.Test001"/>
  <system-out/>
  <testcase name="Verify_004" time="0.006" classname="com.JuneBatchProject.Test.Test001"/>
  <system-out/>
</testsuite> <!-- com.JuneBatchProject.Test.Test001 -->
